test_main.obj : error LNK2005: _main уже определен в main.obj
test_list_table.obj : error LNK2001: неразрешенный внешний символ "void const * __cdecl testing::internal::GetTestTypeId(void)" (?GetTestTypeId@internal@testing@@YAPBXXZ).
test_postfix.obj : error LNK2001: неразрешенный внешний символ "void const * __cdecl testing::internal::GetTestTypeId(void)" (?GetTestTypeId@internal@testing@@YAPBXXZ).
test_red_black_tree.obj : error LNK2001: неразрешенный внешний символ "void const * __cdecl testing::internal::GetTestTypeId(void)" (?GetTestTypeId@internal@testing@@YAPBXXZ).
test_stack.obj : error LNK2001: неразрешенный внешний символ "void const * __cdecl testing::internal::GetTestTypeId(void)" (?GetTestTypeId@internal@testing@@YAPBXXZ).
test_array_table.obj : error LNK2001: неразрешенный внешний символ "void const * __cdecl testing::internal::GetTestTypeId(void)" (?GetTestTypeId@internal@testing@@YAPBXXZ).
test_eq_exception.obj : error LNK2001: неразрешенный внешний символ "void const * __cdecl testing::internal::GetTestTypeId(void)" (?GetTestTypeId@internal@testing@@YAPBXXZ).
test_hash_table_list.obj : error LNK2001: неразрешенный внешний символ "void const * __cdecl testing::internal::GetTestTypeId(void)" (?GetTestTypeId@internal@testing@@YAPBXXZ).
test_list.obj : error LNK2001: неразрешенный внешний символ "void const * __cdecl testing::internal::GetTestTypeId(void)" (?GetTestTypeId@internal@testing@@YAPBXXZ).
test_list_table.obj : error LNK2001: неразрешенный внешний символ "class testing::TestInfo * __cdecl testing::internal::MakeAndRegisterTestInfo(char const *,char const *,char const *,char const *,void const *,void (__cdecl*)(void),void (__cdecl*)(void),class testing::internal::TestFactoryBase *)" (?MakeAndRegisterTestInfo@internal@testing@@YAPAVTestInfo@2@PBD000PBXP6AXXZ2PAVTestFactoryBase@12@@Z).
test_postfix.obj : error LNK2001: неразрешенный внешний символ "class testing::TestInfo * __cdecl testing::internal::MakeAndRegisterTestInfo(char const *,char const *,char const *,char const *,void const *,void (__cdecl*)(void),void (__cdecl*)(void),class testing::internal::TestFactoryBase *)" (?MakeAndRegisterTestInfo@internal@testing@@YAPAVTestInfo@2@PBD000PBXP6AXXZ2PAVTestFactoryBase@12@@Z).
test_red_black_tree.obj : error LNK2001: неразрешенный внешний символ "class testing::TestInfo * __cdecl testing::internal::MakeAndRegisterTestInfo(char const *,char const *,char const *,char const *,void const *,void (__cdecl*)(void),void (__cdecl*)(void),class testing::internal::TestFactoryBase *)" (?MakeAndRegisterTestInfo@internal@testing@@YAPAVTestInfo@2@PBD000PBXP6AXXZ2PAVTestFactoryBase@12@@Z).
test_stack.obj : error LNK2001: неразрешенный внешний символ "class testing::TestInfo * __cdecl testing::internal::MakeAndRegisterTestInfo(char const *,char const *,char const *,char const *,void const *,void (__cdecl*)(void),void (__cdecl*)(void),class testing::internal::TestFactoryBase *)" (?MakeAndRegisterTestInfo@internal@testing@@YAPAVTestInfo@2@PBD000PBXP6AXXZ2PAVTestFactoryBase@12@@Z).
test_array_table.obj : error LNK2001: неразрешенный внешний символ "class testing::TestInfo * __cdecl testing::internal::MakeAndRegisterTestInfo(char const *,char const *,char const *,char const *,void const *,void (__cdecl*)(void),void (__cdecl*)(void),class testing::internal::TestFactoryBase *)" (?MakeAndRegisterTestInfo@internal@testing@@YAPAVTestInfo@2@PBD000PBXP6AXXZ2PAVTestFactoryBase@12@@Z).
test_eq_exception.obj : error LNK2001: неразрешенный внешний символ "class testing::TestInfo * __cdecl testing::internal::MakeAndRegisterTestInfo(char const *,char const *,char const *,char const *,void const *,void (__cdecl*)(void),void (__cdecl*)(void),class testing::internal::TestFactoryBase *)" (?MakeAndRegisterTestInfo@internal@testing@@YAPAVTestInfo@2@PBD000PBXP6AXXZ2PAVTestFactoryBase@12@@Z).
test_hash_table_list.obj : error LNK2001: неразрешенный внешний символ "class testing::TestInfo * __cdecl testing::internal::MakeAndRegisterTestInfo(char const *,char const *,char const *,char const *,void const *,void (__cdecl*)(void),void (__cdecl*)(void),class testing::internal::TestFactoryBase *)" (?MakeAndRegisterTestInfo@internal@testing@@YAPAVTestInfo@2@PBD000PBXP6AXXZ2PAVTestFactoryBase@12@@Z).
test_list.obj : error LNK2001: неразрешенный внешний символ "class testing::TestInfo * __cdecl testing::internal::MakeAndRegisterTestInfo(char const *,char const *,char const *,char const *,void const *,void (__cdecl*)(void),void (__cdecl*)(void),class testing::internal::TestFactoryBase *)" (?MakeAndRegisterTestInfo@internal@testing@@YAPAVTestInfo@2@PBD000PBXP6AXXZ2PAVTestFactoryBase@12@@Z).
test_list_table.obj : error LNK2001: неразрешенный внешний символ "public: virtual __thiscall testing::Test::~Test(void)" (??1Test@testing@@UAE@XZ).
test_postfix.obj : error LNK2001: неразрешенный внешний символ "public: virtual __thiscall testing::Test::~Test(void)" (??1Test@testing@@UAE@XZ).
test_red_black_tree.obj : error LNK2001: неразрешенный внешний символ "public: virtual __thiscall testing::Test::~Test(void)" (??1Test@testing@@UAE@XZ).
test_stack.obj : error LNK2001: неразрешенный внешний символ "public: virtual __thiscall testing::Test::~Test(void)" (??1Test@testing@@UAE@XZ).
test_array_table.obj : error LNK2001: неразрешенный внешний символ "public: virtual __thiscall testing::Test::~Test(void)" (??1Test@testing@@UAE@XZ).
test_eq_exception.obj : error LNK2001: неразрешенный внешний символ "public: virtual __thiscall testing::Test::~Test(void)" (??1Test@testing@@UAE@XZ).
test_hash_table_list.obj : error LNK2001: неразрешенный внешний символ "public: virtual __thiscall testing::Test::~Test(void)" (??1Test@testing@@UAE@XZ).
test_list.obj : error LNK2001: неразрешенный внешний символ "public: virtual __thiscall testing::Test::~Test(void)" (??1Test@testing@@UAE@XZ).
test_list_table.obj : error LNK2001: неразрешенный внешний символ "protected: __thiscall testing::Test::Test(void)" (??0Test@testing@@IAE@XZ).
test_postfix.obj : error LNK2001: неразрешенный внешний символ "protected: __thiscall testing::Test::Test(void)" (??0Test@testing@@IAE@XZ).
test_red_black_tree.obj : error LNK2001: неразрешенный внешний символ "protected: __thiscall testing::Test::Test(void)" (??0Test@testing@@IAE@XZ).
test_stack.obj : error LNK2001: неразрешенный внешний символ "protected: __thiscall testing::Test::Test(void)" (??0Test@testing@@IAE@XZ).
test_array_table.obj : error LNK2001: неразрешенный внешний символ "protected: __thiscall testing::Test::Test(void)" (??0Test@testing@@IAE@XZ).
test_eq_exception.obj : error LNK2001: неразрешенный внешний символ "protected: __thiscall testing::Test::Test(void)" (??0Test@testing@@IAE@XZ).
test_hash_table_list.obj : error LNK2001: неразрешенный внешний символ "protected: __thiscall testing::Test::Test(void)" (??0Test@testing@@IAE@XZ).
test_list.obj : error LNK2001: неразрешенный внешний символ "protected: __thiscall testing::Test::Test(void)" (??0Test@testing@@IAE@XZ).
test_list_table.obj : error LNK2001: неразрешенный внешний символ "protected: virtual void __thiscall testing::Test::SetUp(void)" (?SetUp@Test@testing@@MAEXXZ).
test_postfix.obj : error LNK2001: неразрешенный внешний символ "protected: virtual void __thiscall testing::Test::SetUp(void)" (?SetUp@Test@testing@@MAEXXZ).
test_red_black_tree.obj : error LNK2001: неразрешенный внешний символ "protected: virtual void __thiscall testing::Test::SetUp(void)" (?SetUp@Test@testing@@MAEXXZ).
test_stack.obj : error LNK2001: неразрешенный внешний символ "protected: virtual void __thiscall testing::Test::SetUp(void)" (?SetUp@Test@testing@@MAEXXZ).
test_array_table.obj : error LNK2001: неразрешенный внешний символ "protected: virtual void __thiscall testing::Test::SetUp(void)" (?SetUp@Test@testing@@MAEXXZ).
test_eq_exception.obj : error LNK2001: неразрешенный внешний символ "protected: virtual void __thiscall testing::Test::SetUp(void)" (?SetUp@Test@testing@@MAEXXZ).
test_hash_table_list.obj : error LNK2001: неразрешенный внешний символ "protected: virtual void __thiscall testing::Test::SetUp(void)" (?SetUp@Test@testing@@MAEXXZ).
test_list.obj : error LNK2001: неразрешенный внешний символ "protected: virtual void __thiscall testing::Test::SetUp(void)" (?SetUp@Test@testing@@MAEXXZ).
test_list_table.obj : error LNK2001: неразрешенный внешний символ "protected: virtual void __thiscall testing::Test::TearDown(void)" (?TearDown@Test@testing@@MAEXXZ).
test_postfix.obj : error LNK2001: неразрешенный внешний символ "protected: virtual void __thiscall testing::Test::TearDown(void)" (?TearDown@Test@testing@@MAEXXZ).
test_red_black_tree.obj : error LNK2001: неразрешенный внешний символ "protected: virtual void __thiscall testing::Test::TearDown(void)" (?TearDown@Test@testing@@MAEXXZ).
test_stack.obj : error LNK2001: неразрешенный внешний символ "protected: virtual void __thiscall testing::Test::TearDown(void)" (?TearDown@Test@testing@@MAEXXZ).
test_array_table.obj : error LNK2001: неразрешенный внешний символ "protected: virtual void __thiscall testing::Test::TearDown(void)" (?TearDown@Test@testing@@MAEXXZ).
test_eq_exception.obj : error LNK2001: неразрешенный внешний символ "protected: virtual void __thiscall testing::Test::TearDown(void)" (?TearDown@Test@testing@@MAEXXZ).
test_hash_table_list.obj : error LNK2001: неразрешенный внешний символ "protected: virtual void __thiscall testing::Test::TearDown(void)" (?TearDown@Test@testing@@MAEXXZ).
test_list.obj : error LNK2001: неразрешенный внешний символ "protected: virtual void __thiscall testing::Test::TearDown(void)" (?TearDown@Test@testing@@MAEXXZ).
test_list.obj : error LNK2019: ссылка на неразрешенный внешний символ "bool __cdecl testing::internal::IsTrue(bool)" (?IsTrue@internal@testing@@YA_N_N@Z) в функции "public: void __thiscall testing::internal::scoped_ptr<class std::basic_string<char,struct std::char_traits<char>,class std::allocator<char> > >::reset(class std::basic_string<char,struct std::char_traits<char>,class std::allocator<char> > *)" (?reset@?$scoped_ptr@V?$basic_string@DU?$char_traits@D@std@@V?$allocator@D@2@@std@@@internal@testing@@QAEXPAV?$basic_string@DU?$char_traits@D@std@@V?$allocator@D@2@@std@@@Z).
test_list_table.obj : error LNK2001: неразрешенный внешний символ "bool __cdecl testing::internal::IsTrue(bool)" (?IsTrue@internal@testing@@YA_N_N@Z).
test_postfix.obj : error LNK2001: неразрешенный внешний символ "bool __cdecl testing::internal::IsTrue(bool)" (?IsTrue@internal@testing@@YA_N_N@Z).
test_stack.obj : error LNK2001: неразрешенный внешний символ "bool __cdecl testing::internal::IsTrue(bool)" (?IsTrue@internal@testing@@YA_N_N@Z).
test_list.obj : error LNK2019: ссылка на неразрешенный внешний символ "public: __thiscall testing::Message::Message(void)" (??0Message@testing@@QAE@XZ) в функции __catch$?TestBody@Iterator_can_assign_iterator_Test@@EAEXXZ$0.
test_list_table.obj : error LNK2001: неразрешенный внешний символ "public: __thiscall testing::Message::Message(void)" (??0Message@testing@@QAE@XZ).
test_postfix.obj : error LNK2001: неразрешенный внешний символ "public: __thiscall testing::Message::Message(void)" (??0Message@testing@@QAE@XZ).
test_stack.obj : error LNK2001: неразрешенный внешний символ "public: __thiscall testing::Message::Message(void)" (??0Message@testing@@QAE@XZ).
test_list.obj : error LNK2019: ссылка на неразрешенный внешний символ "class testing::AssertionResult __cdecl testing::internal::EqFailure(char const *,char const *,class std::basic_string<char,struct std::char_traits<char>,class std::allocator<char> > const &,class std::basic_string<char,struct std::char_traits<char>,class std::allocator<char> > const &,bool)" (?EqFailure@internal@testing@@YA?AVAssertionResult@2@PBD0ABV?$basic_string@DU?$char_traits@D@std@@V?$allocator@D@2@@std@@1_N@Z) в функции "class testing::AssertionResult __cdecl testing::internal::CmpHelperEQ<int,int>(char const *,char const *,int const &,int const &)" (??$CmpHelperEQ@HH@internal@testing@@YA?AVAssertionResult@1@PBD0ABH1@Z).
test_postfix.obj : error LNK2001: неразрешенный внешний символ "class testing::AssertionResult __cdecl testing::internal::EqFailure(char const *,char const *,class std::basic_string<char,struct std::char_traits<char>,class std::allocator<char> > const &,class std::basic_string<char,struct std::char_traits<char>,class std::allocator<char> > const &,bool)" (?EqFailure@internal@testing@@YA?AVAssertionResult@2@PBD0ABV?$basic_string@DU?$char_traits@D@std@@V?$allocator@D@2@@std@@1_N@Z).
test_stack.obj : error LNK2001: неразрешенный внешний символ "class testing::AssertionResult __cdecl testing::internal::EqFailure(char const *,char const *,class std::basic_string<char,struct std::char_traits<char>,class std::allocator<char> > const &,class std::basic_string<char,struct std::char_traits<char>,class std::allocator<char> > const &,bool)" (?EqFailure@internal@testing@@YA?AVAssertionResult@2@PBD0ABV?$basic_string@DU?$char_traits@D@std@@V?$allocator@D@2@@std@@1_N@Z).
test_list.obj : error LNK2019: ссылка на неразрешенный внешний символ "class std::basic_string<char,struct std::char_traits<char>,class std::allocator<char> > __cdecl testing::internal::GetBoolAssertionFailureMessage(class testing::AssertionResult const &,char const *,char const *,char const *)" (?GetBoolAssertionFailureMessage@internal@testing@@YA?AV?$basic_string@DU?$char_traits@D@std@@V?$allocator@D@2@@std@@ABVAssertionResult@2@PBD11@Z) в функции "private: virtual void __thiscall List_can_check_for_empty_Test::TestBody(void)" (?TestBody@List_can_check_for_empty_Test@@EAEXXZ).
test_list.obj : error LNK2019: ссылка на неразрешенный внешний символ "bool __cdecl testing::internal::AlwaysTrue(void)" (?AlwaysTrue@internal@testing@@YA_NXZ) в функции "private: virtual void __thiscall Iterator_can_assign_iterator_Test::TestBody(void)" (?TestBody@Iterator_can_assign_iterator_Test@@EAEXXZ).
test_list_table.obj : error LNK2001: неразрешенный внешний символ "bool __cdecl testing::internal::AlwaysTrue(void)" (?AlwaysTrue@internal@testing@@YA_NXZ).
test_postfix.obj : error LNK2001: неразрешенный внешний символ "bool __cdecl testing::internal::AlwaysTrue(void)" (?AlwaysTrue@internal@testing@@YA_NXZ).
test_stack.obj : error LNK2001: неразрешенный внешний символ "bool __cdecl testing::internal::AlwaysTrue(void)" (?AlwaysTrue@internal@testing@@YA_NXZ).
test_list.obj : error LNK2019: ссылка на неразрешенный внешний символ "class testing::AssertionResult __cdecl testing::AssertionSuccess(void)" (?AssertionSuccess@testing@@YA?AVAssertionResult@1@XZ) в функции "class testing::AssertionResult __cdecl testing::internal::CmpHelperEQ<int,int>(char const *,char const *,int const &,int const &)" (??$CmpHelperEQ@HH@internal@testing@@YA?AVAssertionResult@1@PBD0ABH1@Z).
test_postfix.obj : error LNK2001: неразрешенный внешний символ "class testing::AssertionResult __cdecl testing::AssertionSuccess(void)" (?AssertionSuccess@testing@@YA?AVAssertionResult@1@XZ).
test_stack.obj : error LNK2001: неразрешенный внешний символ "class testing::AssertionResult __cdecl testing::AssertionSuccess(void)" (?AssertionSuccess@testing@@YA?AVAssertionResult@1@XZ).
test_list.obj : error LNK2019: ссылка на неразрешенный внешний символ "public: __thiscall testing::internal::AssertHelper::AssertHelper(enum testing::TestPartResult::Type,char const *,int,char const *)" (??0AssertHelper@internal@testing@@QAE@W4Type@TestPartResult@2@PBDH1@Z) в функции __catch$?TestBody@Iterator_can_assign_iterator_Test@@EAEXXZ$0.
test_list_table.obj : error LNK2001: неразрешенный внешний символ "public: __thiscall testing::internal::AssertHelper::AssertHelper(enum testing::TestPartResult::Type,char const *,int,char const *)" (??0AssertHelper@internal@testing@@QAE@W4Type@TestPartResult@2@PBDH1@Z).
test_postfix.obj : error LNK2001: неразрешенный внешний символ "public: __thiscall testing::internal::AssertHelper::AssertHelper(enum testing::TestPartResult::Type,char const *,int,char const *)" (??0AssertHelper@internal@testing@@QAE@W4Type@TestPartResult@2@PBDH1@Z).
test_stack.obj : error LNK2001: неразрешенный внешний символ "public: __thiscall testing::internal::AssertHelper::AssertHelper(enum testing::TestPartResult::Type,char const *,int,char const *)" (??0AssertHelper@internal@testing@@QAE@W4Type@TestPartResult@2@PBDH1@Z).
test_list.obj : error LNK2019: ссылка на неразрешенный внешний символ "public: __thiscall testing::internal::AssertHelper::~AssertHelper(void)" (??1AssertHelper@internal@testing@@QAE@XZ) в функции __catch$?TestBody@Iterator_can_assign_iterator_Test@@EAEXXZ$0.
test_list_table.obj : error LNK2001: неразрешенный внешний символ "public: __thiscall testing::internal::AssertHelper::~AssertHelper(void)" (??1AssertHelper@internal@testing@@QAE@XZ).
test_postfix.obj : error LNK2001: неразрешенный внешний символ "public: __thiscall testing::internal::AssertHelper::~AssertHelper(void)" (??1AssertHelper@internal@testing@@QAE@XZ).
test_stack.obj : error LNK2001: неразрешенный внешний символ "public: __thiscall testing::internal::AssertHelper::~AssertHelper(void)" (??1AssertHelper@internal@testing@@QAE@XZ).
test_list.obj : error LNK2019: ссылка на неразрешенный внешний символ "public: void __thiscall testing::internal::AssertHelper::operator=(class testing::Message const &)const " (??4AssertHelper@internal@testing@@QBEXABVMessage@2@@Z) в функции __catch$?TestBody@Iterator_can_assign_iterator_Test@@EAEXXZ$0.
test_list_table.obj : error LNK2001: неразрешенный внешний символ "public: void __thiscall testing::internal::AssertHelper::operator=(class testing::Message const &)const " (??4AssertHelper@internal@testing@@QBEXABVMessage@2@@Z).
test_postfix.obj : error LNK2001: неразрешенный внешний символ "public: void __thiscall testing::internal::AssertHelper::operator=(class testing::Message const &)const " (??4AssertHelper@internal@testing@@QBEXABVMessage@2@@Z).
test_stack.obj : error LNK2001: неразрешенный внешний символ "public: void __thiscall testing::internal::AssertHelper::operator=(class testing::Message const &)const " (??4AssertHelper@internal@testing@@QBEXABVMessage@2@@Z).
test_list_table.obj : error LNK2001: неразрешенный внешний символ "public: virtual void __thiscall ListTable::print(void)" (?print@ListTable@@UAEXXZ).
test_main.obj : error LNK2019: ссылка на неразрешенный внешний символ "public: static class testing::UnitTest * __cdecl testing::UnitTest::GetInstance(void)" (?GetInstance@UnitTest@testing@@SAPAV12@XZ) в функции "int __cdecl RUN_ALL_TESTS(void)" (?RUN_ALL_TESTS@@YAHXZ).
test_main.obj : error LNK2019: ссылка на неразрешенный внешний символ "public: int __thiscall testing::UnitTest::Run(void)" (?Run@UnitTest@testing@@QAEHXZ) в функции "int __cdecl RUN_ALL_TESTS(void)" (?RUN_ALL_TESTS@@YAHXZ).
test_main.obj : error LNK2019: ссылка на неразрешенный внешний символ "void __cdecl testing::InitGoogleTest(int *,char * *)" (?InitGoogleTest@testing@@YAXPAHPAPAD@Z) в функции _main.
test_postfix.obj : error LNK2019: ссылка на неразрешенный внешний символ "public: void __thiscall TPostfix::set_infix(class std::basic_string<char,struct std::char_traits<char>,class std::allocator<char> >)" (?set_infix@TPostfix@@QAEXV?$basic_string@DU?$char_traits@D@std@@V?$allocator@D@2@@std@@@Z) в функции "private: virtual void __thiscall TPostfix_can_calculate_division_Test::TestBody(void)" (?TestBody@TPostfix_can_calculate_division_Test@@EAEXXZ).
test_postfix.obj : error LNK2019: ссылка на неразрешенный внешний символ "public: class std::basic_string<char,struct std::char_traits<char>,class std::allocator<char> > __thiscall TPostfix::to_postfix(void)" (?to_postfix@TPostfix@@QAE?AV?$basic_string@DU?$char_traits@D@std@@V?$allocator@D@2@@std@@XZ) в функции "private: virtual void __thiscall TPostfix_can_calculate_division_Test::TestBody(void)" (?TestBody@TPostfix_can_calculate_division_Test@@EAEXXZ).
test_postfix.obj : error LNK2019: ссылка на неразрешенный внешний символ "public: double __thiscall TPostfix::calculate(void)" (?calculate@TPostfix@@QAENXZ) в функции "private: virtual void __thiscall TPostfix_can_calculate_division_Test::TestBody(void)" (?TestBody@TPostfix_can_calculate_division_Test@@EAEXXZ).
test_postfix.obj : error LNK2019: ссылка на неразрешенный внешний символ "void __cdecl testing::internal::PrintStringTo(class std::basic_string<char,struct std::char_traits<char>,class std::allocator<char> > const &,class std::basic_ostream<char,struct std::char_traits<char> > *)" (?PrintStringTo@internal@testing@@YAXABV?$basic_string@DU?$char_traits@D@std@@V?$allocator@D@2@@std@@PAV?$basic_ostream@DU?$char_traits@D@std@@@4@@Z) в функции "void __cdecl testing::internal::PrintTo(class std::basic_string<char,struct std::char_traits<char>,class std::allocator<char> > const &,class std::basic_ostream<char,struct std::char_traits<char> > *)" (?PrintTo@internal@testing@@YAXABV?$basic_string@DU?$char_traits@D@std@@V?$allocator@D@2@@std@@PAV?$basic_ostream@DU?$char_traits@D@std@@@4@@Z).
C:\Users\Андрей\mp2-lab6-polynom-algebra\Debug\base_test.exe : fatal error LNK1120: неразрешенных внешних элементов: 23
